2017-08-08 07:57:12,853 [    main] INFO  com.openkm.installer.Main - Running in Windows: 0.6.0-CE (build: 8fa3bfb)
2017-08-08 07:57:12,861 [    main] INFO  com.openkm.installer.Main - Local host: DESKTOP-JSJLL6C (192.168.56.1)
2017-08-08 07:57:12,861 [    main] INFO  com.openkm.installer.Main - Java version: 1.8.0_121
2017-08-08 07:57:12,861 [    main] INFO  com.openkm.installer.Main - JAVA_HOME = C:\Program Files\Java\jdk1.8.0_121
2017-08-08 07:57:12,865 [    main] INFO  com.openkm.installer.Main - Free disk size: 196.4 GB
2017-08-08 07:57:12,868 [    main] INFO  com.openkm.installer.Main - RAM size: 15.9 GB
2017-08-08 07:57:12,869 [    main] INFO  com.openkm.installer.Main - CPU cores: 8
2017-08-08 07:57:13,027 [    main] INFO  com.openkm.installer.Main - Current directory: E:\Google Drive\Universidad\Décimo semestre\Proyecto II\Coordinación pregrado\Versión original\Instalación y  configuración openKM\instaladores\windows
2017-08-08 07:57:13,061 [    main] INFO  com.openkm.installer.Main - ERROR: Administration rights required to manage services
2017-08-08 07:57:13,063 [    main] ERROR com.openkm.installer.Main - Administration rights required to manage services
java.lang.Exception: Administration rights required to manage services
	at com.openkm.installer.Main.a(SourceFile:149)
	at com.openkm.installer.Main.main(SourceFile:90)
2017-08-08 07:57:23,812 [    main] INFO  com.openkm.installer.Main - Running in Windows: 0.6.0-CE (build: 8fa3bfb)
2017-08-08 07:57:23,819 [    main] INFO  com.openkm.installer.Main - Local host: DESKTOP-JSJLL6C (192.168.56.1)
2017-08-08 07:57:23,819 [    main] INFO  com.openkm.installer.Main - Java version: 1.8.0_121
2017-08-08 07:57:23,820 [    main] INFO  com.openkm.installer.Main - JAVA_HOME = C:\Program Files\Java\jdk1.8.0_121
2017-08-08 07:57:23,825 [    main] INFO  com.openkm.installer.Main - Free disk size: 196.4 GB
2017-08-08 07:57:23,828 [    main] INFO  com.openkm.installer.Main - RAM size: 15.9 GB
2017-08-08 07:57:23,829 [    main] INFO  com.openkm.installer.Main - CPU cores: 8
2017-08-08 07:57:24,026 [    main] INFO  com.openkm.installer.Main - Current directory: E:\Google Drive\Universidad\Décimo semestre\Proyecto II\Coordinación pregrado\Versión original\Instalación y  configuración openKM\instaladores\windows
2017-08-08 07:57:24,065 [    main] INFO  com.openkm.installer.Main - ERROR: Administration rights required to manage services
2017-08-08 07:57:24,067 [    main] ERROR com.openkm.installer.Main - Administration rights required to manage services
java.lang.Exception: Administration rights required to manage services
	at com.openkm.installer.Main.a(SourceFile:149)
	at com.openkm.installer.Main.main(SourceFile:90)
